<?xml version="1.0" encoding="UTF-8"?>
<!-- Generated by org.testng.reporters.JUnitReportReporter -->
<testsuite hostname="DESKTOP-VF6R5DT" failures="0" tests="2" name="MyTest" time="51.618" errors="0" timestamp="2025-05-18T03:48:25 EET" skipped="1">
  <testcase classname="MyTest" name="ClickOnlyOnTheNumbers" time="51.618"/>
  <testcase classname="MyTest" name="MyTest">
    <skipped/>
  </testcase> <!-- MyTest -->
</testsuite> <!-- MyTest -->
